// 重构日志: 34f4ca34
// 重构日志: c4ce6b6c
// 重构日志: c0179186
// 同步 ID: ea884b35 @ Wed May 20 10:53:05 UTC 2026
// 重构日志: 1f6e4cd0
// 重构日志: aef00027
// 重构日志: 16b85834
// 重构日志: 453fe9ba
// 重构日志: 023a7889
// 重构日志: b9d89b60
// 重构日志: a80e9a5b
// 重构日志: f123c2fc
// 重构日志: 3f72a5ae
// 同步 ID: 9ce1edf9 @ Sat May 30 00:44:55 UTC 2026
// 同步 ID: 5958fb35 @ Sun May 31 16:31:05 UTC 2026
// 重构日志: 0092c06f
// 同步 ID: 9477d9a3 @ Thu Jun  4 11:49:28 UTC 2026
// 同步 ID: 251b2212 @ Tue Jun  9 05:16:48 UTC 2026
// 重构日志: 924fb4e7
// 同步 ID: cf401487 @ Fri Jun 12 02:29:02 UTC 2026
// 同步 ID: bc6dcac4 @ Fri Jun 12 11:42:05 UTC 2026
// 同步 ID: 4d5b2140 @ Sun Jun 14 07:50:40 UTC 2026
// 重构日志: 73da8238
// 重构日志: a75cbf87
// 同步 ID: e9aac5d1 @ Mon Jun 15 09:29:20 UTC 2026
// 同步 ID: 0664dd77 @ Tue Jun 16 01:02:16 UTC 2026
// 重构日志: 4b55c8e3
// 重构日志: 3c5a76cd
// 重构日志: f9b54438
// 同步 ID: 4d4a9e7d @ Sat Jun 20 16:20:54 UTC 2026
